<?xml version="1.0" encoding="UTF-8"?>
<!-- Generated by org.testng.reporters.JUnitReportReporter -->
<testsuite hostname="WIN7-PC" name="SeleniumPractice.SeleniumPractice.BrokenLinks" tests="1" failures="0" timestamp="16 Jan 2019 16:59:31 GMT" time="96.635" errors="0">
  <testcase name="TestBrokenLinks" time="96.635" classname="SeleniumPractice.SeleniumPractice.BrokenLinks"/>
</testsuite> <!-- SeleniumPractice.SeleniumPractice.BrokenLinks -->
